#
# There is insufficient memory for the Java Runtime Environment to continue.
# Native memory allocation (malloc) failed to allocate 1226736 bytes. Error detail: Chunk::new
# Possible reasons:
#   The system is out of physical RAM or swap space
#   This process is running with CompressedOops enabled, and the Java Heap may be blocking the growth of the native heap
# Possible solutions:
#   Reduce memory load on the system
#   Increase physical memory or swap space
#   Check if swap backing store is full
#   Decrease Java heap size (-Xmx/-Xms)
#   Decrease number of Java threads
#   Decrease Java thread stack sizes (-Xss)
#   Set larger code cache with -XX:ReservedCodeCacheSize=
#   JVM is running with Zero Based Compressed Oops mode in which the Java heap is
#     placed in the first 32GB address space. The Java Heap base address is the
#     maximum limit for the native heap growth. Please use -XX:HeapBaseMinAddress
#     to set the Java Heap base and to place the Java Heap above 32GB virtual address.
# This output file may be truncated or incomplete.
#
#  Out of Memory Error (arena.cpp:168), pid=28180, tid=31640
#
# JRE version: OpenJDK Runtime Environment (21.0.5) (build 21.0.5+-12932927-b750.29)
# Java VM: OpenJDK 64-Bit Server VM (21.0.5+-12932927-b750.29, mixed mode, tiered, compressed oops, compressed class ptrs, g1 gc, windows-amd64)
# No core dump will be written. Minidumps are not enabled by default on client versions of Windows
#

---------------  S U M M A R Y ------------

Command Line: org.jetbrains.kotlin.cli.jvm.K2JVMCompiler @C:\Users\Acer\AndroidStudioProjects\MediGo\app\build\20250317_6203644008230594673.compiler.options

Host: 12th Gen Intel(R) Core(TM) i7-1255U, 12 cores, 15G,  Windows 11 , 64 bit Build 26100 (10.0.26100.3037)
Time: Mon Mar 17 07:11:53 2025 Sri Lanka Standard Time elapsed time: 6.958263 seconds (0d 0h 0m 6s)

---------------  T H R E A D  ---------------

Current thread (0x0000029cf6b26020):  JavaThread "C2 CompilerThread1" daemon [_thread_in_native, id=31640, stack(0x000000e4c3800000,0x000000e4c3900000) (1024K)]


Current CompileTask:
C2:6958 8558   !   4       jdk.internal.loader.BuiltinClassLoader::findClassOnClassPathOrNull (64 bytes)

Stack: [0x000000e4c3800000,0x000000e4c3900000]
Native frames: (J=compiled Java code, j=interpreted, Vv=VM code, C=native code)
V  [jvm.dll+0x6cfb29]
V  [jvm.dll+0x85ded3]
V  [jvm.dll+0x86042e]
V  [jvm.dll+0x860b13]
V  [jvm.dll+0x27e6b6]
V  [jvm.dll+0xbff6d]
V  [jvm.dll+0xc04a3]
V  [jvm.dll+0x3b5ffb]
V  [jvm.dll+0x1de664]
V  [jvm.dll+0x247db4]
V  [jvm.dll+0x247231]
V  [jvm.dll+0x1c5ee4]
V  [jvm.dll+0x25697c]
V  [jvm.dll+0x254ec6]
V  [jvm.dll+0x3f0ce6]
V  [jvm.dll+0x806368]
V  [jvm.dll+0x6ce3fd]
C  [ucrtbase.dll+0x37b0]
C  [KERNEL32.DLL+0x2e8d7]
C  [ntdll.dll+0xbbf2c]


---------------  P R O C E S S  ---------------

Threads class SMR info:
_java_thread_list=0x0000029c827a6180, length=13, elements={
0x0000029cda2816f0, 0x0000029cf68a0850, 0x0000029cf68a13a0, 0x0000029cf68d54e0,
0x0000029cf68e8400, 0x0000029cf68e8a60, 0x0000029cf68e94b0, 0x0000029cf68f3330,
0x0000029cf68f3dc0, 0x0000029cf6aa1800, 0x0000029cf6aa5280, 0x0000029cf6b26020,
0x0000029cff860ac0
}

Java Threads: ( => current thread )
  0x0000029cda2816f0 JavaThread "main"                              [_thread_in_Java, id=23356, stack(0x000000e4c2600000,0x000000e4c2700000) (1024K)]
  0x0000029cf68a0850 JavaThread "Reference Handler"          daemon [_thread_blocked, id=30776, stack(0x000000e4c2e00000,0x000000e4c2f00000) (1024K)]
  0x0000029cf68a13a0 JavaThread "Finalizer"                  daemon [_thread_blocked, id=39444, stack(0x000000e4c2f00000,0x000000e4c3000000) (1024K)]
  0x0000029cf68d54e0 JavaThread "Signal Dispatcher"          daemon [_thread_blocked, id=39868, stack(0x000000e4c3000000,0x000000e4c3100000) (1024K)]
  0x0000029cf68e8400 JavaThread "Attach Listener"            daemon [_thread_blocked, id=37532, stack(0x000000e4c3100000,0x000000e4c3200000) (1024K)]
  0x0000029cf68e8a60 JavaThread "Service Thread"             daemon [_thread_blocked, id=37816, stack(0x000000e4c3200000,0x000000e4c3300000) (1024K)]
  0x0000029cf68e94b0 JavaThread "Monitor Deflation Thread"   daemon [_thread_blocked, id=27040, stack(0x000000e4c3300000,0x000000e4c3400000) (1024K)]
  0x0000029cf68f3330 JavaThread "C2 CompilerThread0"         daemon [_thread_blocked, id=22472, stack(0x000000e4c3400000,0x000000e4c3500000) (1024K)]
  0x0000029cf68f3dc0 JavaThread "C1 CompilerThread0"         daemon [_thread_in_vm, id=35388, stack(0x000000e4c3500000,0x000000e4c3600000) (1024K)]
  0x0000029cf6aa1800 JavaThread "Notification Thread"        daemon [_thread_blocked, id=37440, stack(0x000000e4c3600000,0x000000e4c3700000) (1024K)]
  0x0000029cf6aa5280 JavaThread "Common-Cleaner"             daemon [_thread_blocked, id=22248, stack(0x000000e4c3700000,0x000000e4c3800000) (1024K)]
=>0x0000029cf6b26020 JavaThread "C2 CompilerThread1"         daemon [_thread_in_native, id=31640, stack(0x000000e4c3800000,0x000000e4c3900000) (1024K)]
  0x0000029cff860ac0 JavaThread "C2 CompilerThread2"         daemon [_thread_blocked, id=26668, stack(0x000000e4c3900000,0x000000e4c3a00000) (1024K)]
Total: 13

Other Threads:
  0x0000029cf687b690 VMThread "VM Thread"                           [id=12088, stack(0x000000e4c2d00000,0x000000e4c2e00000) (1024K)]
  0x0000029cf66c11a0 WatcherThread "VM Periodic Task Thread"        [id=32452, stack(0x000000e4c2c00000,0x000000e4c2d00000) (1024K)]
  0x0000029cdc5afac0 WorkerThread "GC Thread#0"                     [id=24280, stack(0x000000e4c2700000,0x000000e4c2800000) (1024K)]
  0x0000029cfb5abbd0 WorkerThread "GC Thread#1"                     [id=26480, stack(0x000000e4c3a00000,0x000000e4c3b00000) (1024K)]
  0x0000029cfb57a0b0 WorkerThread "GC Thread#2"                     [id=19680, stack(0x000000e4c3b00000,0x000000e4c3c00000) (1024K)]
  0x0000029cfb57a450 WorkerThread "GC Thread#3"                     [id=32940, stack(0x000000e4c3c00000,0x000000e4c3d00000) (1024K)]
  0x0000029cfb57a7f0 WorkerThread "GC Thread#4"                     [id=22216, stack(0x000000e4c3d00000,0x000000e4c3e00000) (1024K)]
  0x0000029cfb57ab90 WorkerThread "GC Thread#5"                     [id=39584, stack(0x000000e4c3e00000,0x000000e4c3f00000) (1024K)]
  0x0000029cfb6c8760 WorkerThread "GC Thread#6"                     [id=38884, stack(0x000000e4c3f00000,0x000000e4c4000000) (1024K)]
  0x0000029cfb6c78e0 WorkerThread "GC Thread#7"                     [id=38984, stack(0x000000e4c4000000,0x000000e4c4100000) (1024K)]
  0x0000029cfc6c3a60 WorkerThread "GC Thread#8"                     [id=10800, stack(0x000000e4c4300000,0x000000e4c4400000) (1024K)]
  0x0000029cfc6c3320 WorkerThread "GC Thread#9"                     [id=38340, stack(0x000000e4c4400000,0x000000e4c4500000) (1024K)]
  0x0000029cdc5c0620 ConcurrentGCThread "G1 Main Marker"            [id=25872, stack(0x000000e4c2800000,0x000000e4c2900000) (1024K)]
  0x0000029cdc5c1940 WorkerThread "G1 Conc#0"                       [id=31852, stack(0x000000e4c2900000,0x000000e4c2a00000) (1024K)]
  0x0000029cfb6c8020 WorkerThread "G1 Conc#1"                       [id=21500, stack(0x000000e4c4100000,0x000000e4c4200000) (1024K)]
  0x0000029cfb6c8b00 WorkerThread "G1 Conc#2"                       [id=28484, stack(0x000000e4c4200000,0x000000e4c4300000) (1024K)]
  0x0000029cf658d5c0 ConcurrentGCThread "G1 Refine#0"               [id=13836, stack(0x000000e4c2a00000,0x000000e4c2b00000) (1024K)]
  0x0000029cf658dfd0 ConcurrentGCThread "G1 Service"                [id=8476, stack(0x000000e4c2b00000,0x000000e4c2c00000) (1024K)]
Total: 18

Threads with active compile tasks:
C1 CompilerThread0  6973 8785       3       org.jetbrains.kotlin.ir.util.AdditionalIrUtilsKt::hasEqualFqName (98 bytes)
C2 CompilerThread1  6973 8558   !   4       jdk.internal.loader.BuiltinClassLoader::findClassOnClassPathOrNull (64 bytes)
Total: 2

VM state: not at safepoint (normal execution)

VM Mutex/Monitor currently owned by a thread: None

Heap address: 0x0000000704800000, size: 4024 MB, Compressed Oops mode: Zero based, Oop shift amount: 3

CDS archive(s) not mapped
Compressed class space mapped at: 0x0000000800000000-0x0000000840000000, reserved size: 1073741824
Narrow klass base: 0x0000000800000000, Narrow klass shift: 0, Narrow klass range: 0x40000000

GC Precious Log:
 CardTable entry size: 512
 Card Set container configuration: InlinePtr #cards 4 size 8 Array Of Cards #cards 16 size 48 Howl #buckets 8 coarsen threshold 3686 Howl Bitmap #cards 512 size 80 coarsen threshold 460 Card regions per heap region 1 cards per card region 4096
 CPUs: 12 total, 12 available
 Memory: 16088M
 Large Page Support: Disabled
 NUMA Support: Disabled
 Compressed Oops: Enabled (Zero based)
 Heap Region Size: 2M
 Heap Min Capacity: 8M
 Heap Initial Capacity: 252M
 Heap Max Capacity: 4024M
 Pre-touch: Disabled
 Parallel Workers: 10
 Concurrent Workers: 3
 Concurrent Refinement Workers: 10
 Periodic GC: Disabled

Heap:
 garbage-first heap   total 186368K, used 142368K [0x0000000704800000, 0x0000000800000000)
  region size 2048K, 36 young (73728K), 5 survivors (10240K)
 Metaspace       used 69573K, committed 69952K, reserved 1114112K
  class space    used 7395K, committed 7552K, reserved 1048576K

Heap Regions: E=young(eden), S=young(survivor), O=old, HS=humongous(starts), HC=humongous(continues), CS=collection set, F=free, TAMS=top-at-mark-start, PB=parsable bottom
|   0|0x0000000704800000, 0x0000000704a00000, 0x0000000704a00000|100%|HS|  |TAMS 0x0000000704800000| PB 0x0000000704800000| Complete 
|   1|0x0000000704a00000, 0x0000000704c00000, 0x0000000704c00000|100%|HC|  |TAMS 0x0000000704a00000| PB 0x0000000704a00000| Complete 
|   2|0x0000000704c00000, 0x0000000704e00000, 0x0000000704e00000|100%| O|  |TAMS 0x0000000704c00000| PB 0x0000000704c00000| Untracked 
|   3|0x0000000704e00000, 0x0000000705000000, 0x0000000705000000|100%| O|  |TAMS 0x0000000704e00000| PB 0x0000000704e00000| Untracked 
|   4|0x0000000705000000, 0x0000000705200000, 0x0000000705200000|100%| O|  |TAMS 0x0000000705000000| PB 0x0000000705000000| Untracked 
|   5|0x0000000705200000, 0x0000000705400000, 0x0000000705400000|100%| O|  |TAMS 0x0000000705200000| PB 0x0000000705200000| Untracked 
|   6|0x0000000705400000, 0x0000000705600000, 0x0000000705600000|100%| O|  |TAMS 0x0000000705400000| PB 0x0000000705400000| Untracked 
|   7|0x0000000705600000, 0x0000000705800000, 0x0000000705800000|100%| O|  |TAMS 0x0000000705600000| PB 0x0000000705600000| Untracked 
|   8|0x0000000705800000, 0x0000000705a00000, 0x0000000705a00000|100%| O|  |TAMS 0x0000000705800000| PB 0x0000000705800000| Untracked 
|   9|0x0000000705a00000, 0x0000000705c00000, 0x0000000705c00000|100%| O|  |TAMS 0x0000000705a00000| PB 0x0000000705a00000| Untracked 
|  10|0x0000000705c00000, 0x0000000705e00000, 0x0000000705e00000|100%| O|  |TAMS 0x0000000705c00000| PB 0x0000000705c00000| Untracked 
|  11|0x0000000705e00000, 0x0000000706000000, 0x0000000706000000|100%| O|  |TAMS 0x0000000705e00000| PB 0x0000000705e00000| Untracked 
|  12|0x0000000706000000, 0x0000000706200000, 0x0000000706200000|100%| O|  |TAMS 0x0000000706000000| PB 0x0000000706000000| Untracked 
|  13|0x0000000706200000, 0x0000000706400000, 0x0000000706400000|100%| O|  |TAMS 0x0000000706200000| PB 0x0000000706200000| Untracked 
|  14|0x0000000706400000, 0x0000000706600000, 0x0000000706600000|100%| O|  |TAMS 0x0000000706400000| PB 0x0000000706400000| Untracked 
|  15|0x0000000706600000, 0x0000000706800000, 0x0000000706800000|100%| O|  |TAMS 0x0000000706600000| PB 0x0000000706600000| Untracked 
|  16|0x0000000706800000, 0x0000000706a00000, 0x0000000706a00000|100%| O|  |TAMS 0x0000000706800000| PB 0x0000000706800000| Untracked 
|  17|0x0000000706a00000, 0x0000000706c00000, 0x0000000706c00000|100%| O|  |TAMS 0x0000000706a00000| PB 0x0000000706a00000| Untracked 
|  18|0x0000000706c00000, 0x0000000706e00000, 0x0000000706e00000|100%| O|  |TAMS 0x0000000706c00000| PB 0x0000000706c00000| Untracked 
|  19|0x0000000706e00000, 0x0000000707000000, 0x0000000707000000|100%| O|  |TAMS 0x0000000706e00000| PB 0x0000000706e00000| Untracked 
|  20|0x0000000707000000, 0x0000000707200000, 0x0000000707200000|100%| O|  |TAMS 0x0000000707000000| PB 0x0000000707000000| Untracked 
|  21|0x0000000707200000, 0x0000000707400000, 0x0000000707400000|100%| O|  |TAMS 0x0000000707200000| PB 0x0000000707200000| Untracked 
|  22|0x0000000707400000, 0x0000000707600000, 0x0000000707600000|100%| O|  |TAMS 0x0000000707400000| PB 0x0000000707400000| Untracked 
|  23|0x0000000707600000, 0x0000000707800000, 0x0000000707800000|100%| O|  |TAMS 0x0000000707600000| PB 0x0000000707600000| Untracked 
|  24|0x0000000707800000, 0x0000000707a00000, 0x0000000707a00000|100%| O|  |TAMS 0x0000000707800000| PB 0x0000000707800000| Untracked 
|  25|0x0000000707a00000, 0x0000000707c00000, 0x0000000707c00000|100%| O|  |TAMS 0x0000000707a00000| PB 0x0000000707a00000| Untracked 
|  26|0x0000000707c00000, 0x0000000707e00000, 0x0000000707e00000|100%| O|Cm|TAMS 0x0000000707c00000| PB 0x0000000707c00000| Complete 
|  27|0x0000000707e00000, 0x0000000708000000, 0x0000000708000000|100%| O|  |TAMS 0x0000000707e00000| PB 0x0000000707e00000| Untracked 
|  28|0x0000000708000000, 0x0000000708200000, 0x0000000708200000|100%| O|  |TAMS 0x0000000708000000| PB 0x0000000708000000| Untracked 
|  29|0x0000000708200000, 0x0000000708400000, 0x0000000708400000|100%| O|  |TAMS 0x0000000708200000| PB 0x0000000708200000| Untracked 
|  30|0x0000000708400000, 0x0000000708600000, 0x0000000708600000|100%| O|  |TAMS 0x0000000708400000| PB 0x0000000708400000| Untracked 
|  31|0x0000000708600000, 0x0000000708800000, 0x0000000708800000|100%| O|  |TAMS 0x0000000708600000| PB 0x0000000708600000| Untracked 
|  32|0x0000000708800000, 0x0000000708a00000, 0x0000000708a00000|100%| O|  |TAMS 0x0000000708800000| PB 0x0000000708800000| Untracked 
|  33|0x0000000708a00000, 0x0000000708c00000, 0x0000000708c00000|100%| O|  |TAMS 0x0000000708a00000| PB 0x0000000708a00000| Untracked 
|  34|0x0000000708c00000, 0x0000000708d08360, 0x0000000708e00000| 51%| O|  |TAMS 0x0000000708c00000| PB 0x0000000708c00000| Untracked 
|  35|0x0000000708e00000, 0x0000000708e00000, 0x0000000709000000|  0%| F|  |TAMS 0x0000000708e00000| PB 0x0000000708e00000| Untracked 
|  36|0x0000000709000000, 0x0000000709000000, 0x0000000709200000|  0%| F|  |TAMS 0x0000000709000000| PB 0x0000000709000000| Untracked 
|  37|0x0000000709200000, 0x0000000709200000, 0x0000000709400000|  0%| F|  |TAMS 0x0000000709200000| PB 0x0000000709200000| Untracked 
|  38|0x0000000709400000, 0x0000000709400000, 0x0000000709600000|  0%| F|  |TAMS 0x0000000709400000| PB 0x0000000709400000| Untracked 
|  39|0x0000000709600000, 0x0000000709600000, 0x0000000709800000|  0%| F|  |TAMS 0x0000000709600000| PB 0x0000000709600000| Untracked 
|  40|0x0000000709800000, 0x0000000709800000, 0x0000000709a00000|  0%| F|  |TAMS 0x0000000709800000| PB 0x0000000709800000| Untracked 
|  41|0x0000000709a00000, 0x0000000709a00000, 0x0000000709c00000|  0%| F|  |TAMS 0x0000000709a00000| PB 0x0000000709a00000| Untracked 
|  42|0x0000000709c00000, 0x0000000709c00000, 0x0000000709e00000|  0%| F|  |TAMS 0x0000000709c00000| PB 0x0000000709c00000| Untracked 
|  43|0x0000000709e00000, 0x0000000709e00000, 0x000000070a000000|  0%| F|  |TAMS 0x0000000709e00000| PB 0x0000000709e00000| Untracked 
|  44|0x000000070a000000, 0x000000070a000000, 0x000000070a200000|  0%| F|  |TAMS 0x000000070a000000| PB 0x000000070a000000| Untracked 
|  45|0x000000070a200000, 0x000000070a200000, 0x000000070a400000|  0%| F|  |TAMS 0x000000070a200000| PB 0x000000070a200000| Untracked 
|  46|0x000000070a400000, 0x000000070a400000, 0x000000070a600000|  0%| F|  |TAMS 0x000000070a400000| PB 0x000000070a400000| Untracked 
|  47|0x000000070a600000, 0x000000070a600000, 0x000000070a800000|  0%| F|  |TAMS 0x000000070a600000| PB 0x000000070a600000| Untracked 
|  48|0x000000070a800000, 0x000000070aa00000, 0x000000070aa00000|100%| S|CS|TAMS 0x000000070a800000| PB 0x000000070a800000| Complete 
|  49|0x000000070aa00000, 0x000000070ac00000, 0x000000070ac00000|100%| S|CS|TAMS 0x000000070aa00000| PB 0x000000070aa00000| Complete 
|  50|0x000000070ac00000, 0x000000070ae00000, 0x000000070ae00000|100%| S|CS|TAMS 0x000000070ac00000| PB 0x000000070ac00000| Complete 
|  51|0x000000070ae00000, 0x000000070b000000, 0x000000070b000000|100%| S|CS|TAMS 0x000000070ae00000| PB 0x000000070ae00000| Complete 
|  52|0x000000070b000000, 0x000000070b200000, 0x000000070b200000|100%| S|CS|TAMS 0x000000070b000000| PB 0x000000070b000000| Complete 
|  53|0x000000070b200000, 0x000000070b200000, 0x000000070b400000|  0%| F|  |TAMS 0x000000070b200000| PB 0x000000070b200000| Untracked 
|  54|0x000000070b400000, 0x000000070b400000, 0x000000070b600000|  0%| F|  |TAMS 0x000000070b400000| PB 0x000000070b400000| Untracked 
|  55|0x000000070b600000, 0x000000070b600000, 0x000000070b800000|  0%| F|  |TAMS 0x000000070b600000| PB 0x000000070b600000| Untracked 
|  56|0x000000070b800000, 0x000000070b800000, 0x000000070ba00000|  0%| F|  |TAMS 0x000000070b800000| PB 0x000000070b800000| Untracked 
|  57|0x000000070ba00000, 0x000000070ba00000, 0x000000070bc00000|  0%| F|  |TAMS 0x000000070ba00000| PB 0x000000070ba00000| Untracked 
|  58|0x000000070bc00000, 0x000000070bc00000, 0x000000070be00000|  0%| F|  |TAMS 0x000000070bc00000| PB 0x000000070bc00000| Untracked 
|  59|0x000000070be00000, 0x000000070be00000, 0x000000070c000000|  0%| F|  |TAMS 0x000000070be00000| PB 0x000000070be00000| Untracked 
|  60|0x000000070c000000, 0x000000070c200000, 0x000000070c200000|100%| E|  |TAMS 0x000000070c000000| PB 0x000000070c000000| Complete 
|  61|0x000000070c200000, 0x000000070c400000, 0x000000070c400000|100%| E|CS|TAMS 0x000000070c200000| PB 0x000000070c200000| Complete 
|  62|0x000000070c400000, 0x000000070c600000, 0x000000070c600000|100%| E|CS|TAMS 0x000000070c400000| PB 0x000000070c400000| Complete 
|  63|0x000000070c600000, 0x000000070c800000, 0x000000070c800000|100%| E|CS|TAMS 0x000000070c600000| PB 0x000000070c600000| Complete 
|  64|0x000000070c800000, 0x000000070ca00000, 0x000000070ca00000|100%| E|CS|TAMS 0x000000070c800000| PB 0x000000070c800000| Complete 
|  65|0x000000070ca00000, 0x000000070cc00000, 0x000000070cc00000|100%| E|CS|TAMS 0x000000070ca00000| PB 0x000000070ca00000| Complete 
|  66|0x000000070cc00000, 0x000000070ce00000, 0x000000070ce00000|100%| E|CS|TAMS 0x000000070cc00000| PB 0x000000070cc00000| Complete 
|  67|0x000000070ce00000, 0x000000070d000000, 0x000000070d000000|100%| E|CS|TAMS 0x000000070ce00000| PB 0x000000070ce00000| Complete 
|  68|0x000000070d000000, 0x000000070d200000, 0x000000070d200000|100%| E|CS|TAMS 0x000000070d000000| PB 0x000000070d000000| Complete 
|  69|0x000000070d200000, 0x000000070d400000, 0x000000070d400000|100%| E|CS|TAMS 0x000000070d200000| PB 0x000000070d200000| Complete 
|  70|0x000000070d400000, 0x000000070d600000, 0x000000070d600000|100%| E|CS|TAMS 0x000000070d400000| PB 0x000000070d400000| Complete 
|  71|0x000000070d600000, 0x000000070d800000, 0x000000070d800000|100%| E|CS|TAMS 0x000000070d600000| PB 0x000000070d600000| Complete 
|  72|0x000000070d800000, 0x000000070da00000, 0x000000070da00000|100%| E|CS|TAMS 0x000000070d800000| PB 0x000000070d800000| Complete 
|  73|0x000000070da00000, 0x000000070dc00000, 0x000000070dc00000|100%| E|CS|TAMS 0x000000070da00000| PB 0x000000070da00000| Complete 
|  74|0x000000070dc00000, 0x000000070de00000, 0x000000070de00000|100%| E|CS|TAMS 0x000000070dc00000| PB 0x000000070dc00000| Complete 
|  75|0x000000070de00000, 0x000000070e000000, 0x000000070e000000|100%| E|CS|TAMS 0x000000070de00000| PB 0x000000070de00000| Complete 
|  76|0x000000070e000000, 0x000000070e200000, 0x000000070e200000|100%| E|CS|TAMS 0x000000070e000000| PB 0x000000070e000000| Complete 
|  77|0x000000070e200000, 0x000000070e400000, 0x000000070e400000|100%| E|CS|TAMS 0x000000070e200000| PB 0x000000070e200000| Complete 
|  78|0x000000070e400000, 0x000000070e600000, 0x000000070e600000|100%| E|CS|TAMS 0x000000070e400000| PB 0x000000070e400000| Complete 
|  79|0x000000070e600000, 0x000000070e800000, 0x000000070e800000|100%| E|CS|TAMS 0x000000070e600000| PB 0x000000070e600000| Complete 
|  80|0x000000070e800000, 0x000000070ea00000, 0x000000070ea00000|100%| E|CS|TAMS 0x000000070e800000| PB 0x000000070e800000| Complete 
|  81|0x000000070ea00000, 0x000000070ec00000, 0x000000070ec00000|100%| E|CS|TAMS 0x000000070ea00000| PB 0x000000070ea00000| Complete 
|  82|0x000000070ec00000, 0x000000070ee00000, 0x000000070ee00000|100%| E|CS|TAMS 0x000000070ec00000| PB 0x000000070ec00000| Complete 
|  83|0x000000070ee00000, 0x000000070f000000, 0x000000070f000000|100%| E|CS|TAMS 0x000000070ee00000| PB 0x000000070ee00000| Complete 
|  84|0x000000070f000000, 0x000000070f200000, 0x000000070f200000|100%| E|CS|TAMS 0x000000070f000000| PB 0x000000070f000000| Complete 
|  85|0x000000070f200000, 0x000000070f400000, 0x000000070f400000|100%| E|CS|TAMS 0x000000070f200000| PB 0x000000070f200000| Complete 
|  86|0x000000070f400000, 0x000000070f600000, 0x000000070f600000|100%| E|CS|TAMS 0x000000070f400000| PB 0x000000070f400000| Complete 
| 108|0x0000000712000000, 0x0000000712200000, 0x0000000712200000|100%| E|CS|TAMS 0x0000000712000000| PB 0x0000000712000000| Complete 
| 109|0x0000000712200000, 0x0000000712400000, 0x0000000712400000|100%| E|CS|TAMS 0x0000000712200000| PB 0x0000000712200000| Complete 
| 110|0x0000000712400000, 0x0000000712600000, 0x0000000712600000|100%| E|CS|TAMS 0x0000000712400000| PB 0x0000000712400000| Complete 
| 125|0x0000000714200000, 0x0000000714400000, 0x0000000714400000|100%| E|CS|TAMS 0x0000000714200000| PB 0x0000000714200000| Complete 

Card table byte_map: [0x0000029cef3d0000,0x0000029cefbb0000] _byte_map_base: 0x0000029cebbac000

Marking Bits: (CMBitMap*) 0x0000029cdc5b01c0
 Bits: [0x0000029cefbb0000, 0x0000029cf3a90000)

Polling page: 0x0000029cdbcb0000

Metaspace:

Usage:
  Non-class:     60.75 MB used.
      Class:      7.23 MB used.
       Both:     67.98 MB used.

Virtual space:
  Non-class space:       64.00 MB reserved,      60.94 MB ( 95%) committed,  1 nodes.
      Class space:        1.00 GB reserved,       7.38 MB ( <1%) committed,  1 nodes.
             Both:        1.06 GB reserved,      68.31 MB (  6%) committed. 

Chunk freelists:
   Non-Class:  2.83 MB
       Class:  8.59 MB
        Both:  11.42 MB

MaxMetaspaceSize: unlimited
CompressedClassSpaceSize: 1.00 GB
Initial GC threshold: 21.00 MB
Current GC threshold: 98.75 MB
CDS: off
 - commit_granule_bytes: 65536.
 - commit_granule_words: 8192.
 - virtual_space_node_default_size: 8388608.
 - enlarge_chunks_in_place: 1.
 - use_allocation_guard: 0.


Internal statistics:

num_allocs_failed_limit: 12.
num_arena_births: 330.
num_arena_deaths: 0.
num_vsnodes_births: 2.
num_vsnodes_deaths: 0.
num_space_committed: 1093.
num_space_uncommitted: 0.
num_chunks_returned_to_freelist: 12.
num_chunks_taken_from_freelist: 2471.
num_chunk_merges: 12.
num_chunk_splits: 2054.
num_chunks_enlarged: 1879.
num_inconsistent_stats: 0.

CodeHeap 'non-profiled nmethods': size=120000Kb used=5437Kb max_used=5437Kb free=114562Kb
 bounds [0x0000029ce7170000, 0x0000029ce76c0000, 0x0000029cee6a0000]
CodeHeap 'profiled nmethods': size=120000Kb used=26974Kb max_used=26974Kb free=93025Kb
 bounds [0x0000029cdf6a0000, 0x0000029ce1100000, 0x0000029ce6bd0000]
CodeHeap 'non-nmethods': size=5760Kb used=1760Kb max_used=1808Kb free=3999Kb
 bounds [0x0000029ce6bd0000, 0x0000029ce6e40000, 0x0000029ce7170000]
 total_blobs=9295 nmethods=8517 adapters=679
 compilation: enabled
              stopped_count=0, restarted_count=0
 full_count=0

Compilation events (20 events):
Event: 5.942 Thread 0x0000029cff860ac0 nmethod 8762 0x0000029ce76b1e10 code [0x0000029ce76b20e0, 0x0000029ce76b3558]
Event: 5.942 Thread 0x0000029cff860ac0 8722       4       org.jetbrains.kotlin.ir.visitors.IrElementTransformerVoid::visitValueParameter (16 bytes)
Event: 5.942 Thread 0x0000029cf68f3dc0 nmethod 8767 0x0000029ce10e3690 code [0x0000029ce10e3900, 0x0000029ce10e3ed0]
Event: 5.942 Thread 0x0000029cf68f3dc0 8768       2       org.jetbrains.kotlin.backend.common.ClassLoweringVisitor::visitValueParameter (13 bytes)
Event: 5.943 Thread 0x0000029cf68f3dc0 nmethod 8768 0x0000029ce10e4310 code [0x0000029ce10e4560, 0x0000029ce10e4a48]
Event: 5.943 Thread 0x0000029cf68f3dc0 8769       2       org.jetbrains.kotlin.backend.common.ClassLoweringVisitor::visitValueParameter (7 bytes)
Event: 5.943 Thread 0x0000029cf68f3dc0 nmethod 8769 0x0000029ce10e4e10 code [0x0000029ce10e5060, 0x0000029ce10e5508]
Event: 5.943 Thread 0x0000029cf68f3dc0 8770       2       org.jetbrains.kotlin.backend.common.ClassLoweringVisitor::visitValueParameter (6 bytes)
Event: 5.944 Thread 0x0000029cff860ac0 nmethod 8722 0x0000029ce76b4410 code [0x0000029ce76b45a0, 0x0000029ce76b4780]
Event: 5.944 Thread 0x0000029cff860ac0 8724       4       org.jetbrains.kotlin.ir.visitors.IrElementTransformerVoid::visitValueParameter (13 bytes)
Event: 5.944 Thread 0x0000029cf68f3dc0 nmethod 8770 0x0000029ce10e5890 code [0x0000029ce10e5b00, 0x0000029ce10e6088]
Event: 5.944 Thread 0x0000029cf68f3dc0 8771       2       org.jetbrains.kotlin.backend.common.ClassLoweringVisitor::visitFunction (6 bytes)
Event: 5.945 Thread 0x0000029cf68f3dc0 nmethod 8771 0x0000029ce10e6490 code [0x0000029ce10e6700, 0x0000029ce10e6c88]
Event: 5.945 Thread 0x0000029cf68f3dc0 8772       2       org.jetbrains.kotlin.backend.common.ClassLoweringVisitor::visitSimpleFunction (13 bytes)
Event: 5.945 Thread 0x0000029cff860ac0 nmethod 8724 0x0000029ce76b4910 code [0x0000029ce76b4ac0, 0x0000029ce76b4c48]
Event: 5.945 Thread 0x0000029cff860ac0 8679       4       org.jetbrains.kotlin.ir.interpreter.preprocessor.IrInterpreterKCallableNamePreprocessor::visitDeclaration (10 bytes)
Event: 5.945 Thread 0x0000029cf68f3dc0 nmethod 8772 0x0000029ce10e7090 code [0x0000029ce10e72e0, 0x0000029ce10e77a0]
Event: 5.945 Thread 0x0000029cf68f3dc0 8773       2       org.jetbrains.kotlin.backend.common.ClassLoweringVisitor::visitSimpleFunction (7 bytes)
Event: 5.945 Thread 0x0000029cff860ac0 nmethod 8679 0x0000029ce76b4e10 code [0x0000029ce76b4fa0, 0x0000029ce76b50c8]
Event: 5.945 Thread 0x0000029cff860ac0 8664       4       org.jetbrains.kotlin.ir.interpreter.transformer.IrConstExpressionTransformer::visitDeclaration (7 bytes)

GC Heap History (20 events):
Event: 0.660 GC heap before
{Heap before GC invocations=3 (full 0):
 garbage-first heap   total 34816K, used 33019K [0x0000000704800000, 0x0000000800000000)
  region size 2048K, 15 young (30720K), 3 survivors (6144K)
 Metaspace       used 25180K, committed 25408K, reserved 1114112K
  class space    used 2653K, committed 2752K, reserved 1048576K
}
Event: 0.667 GC heap after
{Heap after GC invocations=4 (full 0):
 garbage-first heap   total 47104K, used 15773K [0x0000000704800000, 0x0000000800000000)
  region size 2048K, 6 young (12288K), 6 survivors (12288K)
 Metaspace       used 25180K, committed 25408K, reserved 1114112K
  class space    used 2653K, committed 2752K, reserved 1048576K
}
Event: 0.790 GC heap before
{Heap before GC invocations=4 (full 0):
 garbage-first heap   total 47104K, used 30109K [0x0000000704800000, 0x0000000800000000)
  region size 2048K, 13 young (26624K), 6 survivors (12288K)
 Metaspace       used 28805K, committed 28992K, reserved 1114112K
  class space    used 3044K, committed 3136K, reserved 1048576K
}
Event: 0.798 GC heap after
{Heap after GC invocations=5 (full 0):
 garbage-first heap   total 47104K, used 17309K [0x0000000704800000, 0x0000000800000000)
  region size 2048K, 1 young (2048K), 1 survivors (2048K)
 Metaspace       used 28805K, committed 28992K, reserved 1114112K
  class space    used 3044K, committed 3136K, reserved 1048576K
}
Event: 0.969 GC heap before
{Heap before GC invocations=5 (full 0):
 garbage-first heap   total 47104K, used 35741K [0x0000000704800000, 0x0000000800000000)
  region size 2048K, 10 young (20480K), 1 survivors (2048K)
 Metaspace       used 34125K, committed 34368K, reserved 1114112K
  class space    used 4110K, committed 4224K, reserved 1048576K
}
Event: 0.972 GC heap after
{Heap after GC invocations=6 (full 0):
 garbage-first heap   total 47104K, used 18472K [0x0000000704800000, 0x0000000800000000)
  region size 2048K, 2 young (4096K), 2 survivors (4096K)
 Metaspace       used 34125K, committed 34368K, reserved 1114112K
  class space    used 4110K, committed 4224K, reserved 1048576K
}
Event: 1.016 GC heap before
{Heap before GC invocations=6 (full 0):
 garbage-first heap   total 47104K, used 22568K [0x0000000704800000, 0x0000000800000000)
  region size 2048K, 6 young (12288K), 2 survivors (4096K)
 Metaspace       used 35758K, committed 35968K, reserved 1114112K
  class space    used 4280K, committed 4352K, reserved 1048576K
}
Event: 1.019 GC heap after
{Heap after GC invocations=7 (full 0):
 garbage-first heap   total 47104K, used 18617K [0x0000000704800000, 0x0000000800000000)
  region size 2048K, 1 young (2048K), 1 survivors (2048K)
 Metaspace       used 35758K, committed 35968K, reserved 1114112K
  class space    used 4280K, committed 4352K, reserved 1048576K
}
Event: 1.185 GC heap before
{Heap before GC invocations=8 (full 0):
 garbage-first heap   total 47104K, used 35001K [0x0000000704800000, 0x0000000800000000)
  region size 2048K, 10 young (20480K), 1 survivors (2048K)
 Metaspace       used 40470K, committed 40704K, reserved 1114112K
  class space    used 4717K, committed 4800K, reserved 1048576K
}
Event: 1.189 GC heap after
{Heap after GC invocations=9 (full 0):
 garbage-first heap   total 153600K, used 19843K [0x0000000704800000, 0x0000000800000000)
  region size 2048K, 2 young (4096K), 2 survivors (4096K)
 Metaspace       used 40470K, committed 40704K, reserved 1114112K
  class space    used 4717K, committed 4800K, reserved 1048576K
}
Event: 1.863 GC heap before
{Heap before GC invocations=9 (full 0):
 garbage-first heap   total 153600K, used 105859K [0x0000000704800000, 0x0000000800000000)
  region size 2048K, 45 young (92160K), 2 survivors (4096K)
 Metaspace       used 51279K, committed 51648K, reserved 1114112K
  class space    used 5851K, committed 6016K, reserved 1048576K
}
Event: 1.883 GC heap after
{Heap after GC invocations=10 (full 0):
 garbage-first heap   total 153600K, used 38617K [0x0000000704800000, 0x0000000800000000)
  region size 2048K, 6 young (12288K), 6 survivors (12288K)
 Metaspace       used 51279K, committed 51648K, reserved 1114112K
  class space    used 5851K, committed 6016K, reserved 1048576K
}
Event: 3.271 GC heap before
{Heap before GC invocations=10 (full 0):
 garbage-first heap   total 153600K, used 104153K [0x0000000704800000, 0x0000000800000000)
  region size 2048K, 38 young (77824K), 6 survivors (12288K)
 Metaspace       used 57138K, committed 57408K, reserved 1114112K
  class space    used 6342K, committed 6464K, reserved 1048576K
}
Event: 3.295 GC heap after
{Heap after GC invocations=11 (full 0):
 garbage-first heap   total 153600K, used 52165K [0x0000000704800000, 0x0000000800000000)
  region size 2048K, 5 young (10240K), 5 survivors (10240K)
 Metaspace       used 57138K, committed 57408K, reserved 1114112K
  class space    used 6342K, committed 6464K, reserved 1048576K
}
Event: 3.933 GC heap before
{Heap before GC invocations=11 (full 0):
 garbage-first heap   total 153600K, used 111557K [0x0000000704800000, 0x0000000800000000)
  region size 2048K, 34 young (69632K), 5 survivors (10240K)
 Metaspace       used 58890K, committed 59136K, reserved 1114112K
  class space    used 6482K, committed 6592K, reserved 1048576K
}
Event: 3.954 GC heap after
{Heap after GC invocations=12 (full 0):
 garbage-first heap   total 153600K, used 65080K [0x0000000704800000, 0x0000000800000000)
  region size 2048K, 5 young (10240K), 5 survivors (10240K)
 Metaspace       used 58890K, committed 59136K, reserved 1114112K
  class space    used 6482K, committed 6592K, reserved 1048576K
}
Event: 4.027 GC heap before
{Heap before GC invocations=12 (full 0):
 garbage-first heap   total 153600K, used 69176K [0x0000000704800000, 0x0000000800000000)
  region size 2048K, 8 young (16384K), 5 survivors (10240K)
 Metaspace       used 59901K, committed 60160K, reserved 1114112K
  class space    used 6581K, committed 6720K, reserved 1048576K
}
Event: 4.040 GC heap after
{Heap after GC invocations=13 (full 0):
 garbage-first heap   total 186368K, used 67570K [0x0000000704800000, 0x0000000800000000)
  region size 2048K, 1 young (2048K), 1 survivors (2048K)
 Metaspace       used 59901K, committed 60160K, reserved 1114112K
  class space    used 6581K, committed 6720K, reserved 1048576K
}
Event: 5.172 GC heap before
{Heap before GC invocations=14 (full 0):
 garbage-first heap   total 186368K, used 143346K [0x0000000704800000, 0x0000000800000000)
  region size 2048K, 38 young (77824K), 1 survivors (2048K)
 Metaspace       used 64526K, committed 64832K, reserved 1114112K
  class space    used 6965K, committed 7104K, reserved 1048576K
}
Event: 5.188 GC heap after
{Heap after GC invocations=15 (full 0):
 garbage-first heap   total 186368K, used 80928K [0x0000000704800000, 0x0000000800000000)
  region size 2048K, 5 young (10240K), 5 survivors (10240K)
 Metaspace       used 64526K, committed 64832K, reserved 1114112K
  class space    used 6965K, committed 7104K, reserved 1048576K
}

Dll operation events (3 events):
Event: 0.007 Loaded shared library C:\Program Files\Android\Android Studio1\jbr\bin\java.dll
Event: 0.011 Loaded shared library C:\Program Files\Android\Android Studio1\jbr\bin\zip.dll
Event: 0.654 Loaded shared library C:\Program Files\Android\Android Studio1\jbr\bin\verify.dll

Deoptimization events (20 events):
Event: 5.903 Thread 0x0000029cda2816f0 Uncommon trap: trap_request=0xffffffde fr.pc=0x0000029ce769f570 relative=0x0000000000000c30
Event: 5.903 Thread 0x0000029cda2816f0 Uncommon trap: reason=class_check action=maybe_recompile pc=0x0000029ce769f570 method=org.jetbrains.kotlin.ir.visitors.IrElementTransformerVoid.visitValueParameter(Lorg/jetbrains/kotlin/ir/declarations/IrValueParameter;Ljava/lang/Void;)Lorg/jetbrains/kotl
Event: 5.903 Thread 0x0000029cda2816f0 DEOPT PACKING pc=0x0000029ce769f570 sp=0x000000e4c26fc2d0
Event: 5.903 Thread 0x0000029cda2816f0 DEOPT UNPACKING pc=0x0000029ce6c246a2 sp=0x000000e4c26fc250 mode 2
Event: 5.911 Thread 0x0000029cda2816f0 Uncommon trap: trap_request=0xffffffc6 fr.pc=0x0000029ce7694728 relative=0x0000000000000428
Event: 5.911 Thread 0x0000029cda2816f0 Uncommon trap: reason=bimorphic_or_optimized_type_check action=maybe_recompile pc=0x0000029ce7694728 method=org.jetbrains.kotlin.ir.visitors.IrElementVisitorVoid$DefaultImpls.visitFunctionAccess(Lorg/jetbrains/kotlin/ir/visitors/IrElementVisitorVoid;Lorg/
Event: 5.911 Thread 0x0000029cda2816f0 DEOPT PACKING pc=0x0000029ce7694728 sp=0x000000e4c26fcd40
Event: 5.911 Thread 0x0000029cda2816f0 DEOPT UNPACKING pc=0x0000029ce6c246a2 sp=0x000000e4c26fcce8 mode 2
Event: 5.911 Thread 0x0000029cda2816f0 Uncommon trap: trap_request=0xffffffc6 fr.pc=0x0000029ce7694728 relative=0x0000000000000428
Event: 5.911 Thread 0x0000029cda2816f0 Uncommon trap: reason=bimorphic_or_optimized_type_check action=maybe_recompile pc=0x0000029ce7694728 method=org.jetbrains.kotlin.ir.visitors.IrElementVisitorVoid$DefaultImpls.visitFunctionAccess(Lorg/jetbrains/kotlin/ir/visitors/IrElementVisitorVoid;Lorg/
Event: 5.911 Thread 0x0000029cda2816f0 DEOPT PACKING pc=0x0000029ce7694728 sp=0x000000e4c26fccb0
Event: 5.911 Thread 0x0000029cda2816f0 DEOPT UNPACKING pc=0x0000029ce6c246a2 sp=0x000000e4c26fcc58 mode 2
Event: 5.911 Thread 0x0000029cda2816f0 Uncommon trap: trap_request=0xffffffc6 fr.pc=0x0000029ce7694728 relative=0x0000000000000428
Event: 5.911 Thread 0x0000029cda2816f0 Uncommon trap: reason=bimorphic_or_optimized_type_check action=maybe_recompile pc=0x0000029ce7694728 method=org.jetbrains.kotlin.ir.visitors.IrElementVisitorVoid$DefaultImpls.visitFunctionAccess(Lorg/jetbrains/kotlin/ir/visitors/IrElementVisitorVoid;Lorg/
Event: 5.911 Thread 0x0000029cda2816f0 DEOPT PACKING pc=0x0000029ce7694728 sp=0x000000e4c26fccb0
Event: 5.911 Thread 0x0000029cda2816f0 DEOPT UNPACKING pc=0x0000029ce6c246a2 sp=0x000000e4c26fcc58 mode 2
Event: 5.911 Thread 0x0000029cda2816f0 Uncommon trap: trap_request=0xffffffc6 fr.pc=0x0000029ce7694728 relative=0x0000000000000428
Event: 5.911 Thread 0x0000029cda2816f0 Uncommon trap: reason=bimorphic_or_optimized_type_check action=maybe_recompile pc=0x0000029ce7694728 method=org.jetbrains.kotlin.ir.visitors.IrElementVisitorVoid$DefaultImpls.visitFunctionAccess(Lorg/jetbrains/kotlin/ir/visitors/IrElementVisitorVoid;Lorg/
Event: 5.911 Thread 0x0000029cda2816f0 DEOPT PACKING pc=0x0000029ce7694728 sp=0x000000e4c26fccb0
Event: 5.911 Thread 0x0000029cda2816f0 DEOPT UNPACKING pc=0x0000029ce6c246a2 sp=0x000000e4c26fcc58 mode 2

Classes loaded (20 events):
Event: 3.899 Loading class java/util/Collections$EmptyEnumeration
Event: 3.899 Loading class java/util/Collections$EmptyEnumeration done
Event: 3.899 Loading class jdk/internal/loader/BuiltinClassLoader$1
Event: 3.899 Loading class jdk/internal/loader/BuiltinClassLoader$1 done
Event: 3.899 Loading class java/lang/CompoundEnumeration
Event: 3.899 Loading class java/lang/CompoundEnumeration done
Event: 3.899 Loading class jdk/internal/loader/URLClassPath$1
Event: 3.899 Loading class jdk/internal/loader/URLClassPath$1 done
Event: 3.900 Loading class java/util/ServiceLoader$1
Event: 3.901 Loading class java/util/ServiceLoader$1 done
Event: 3.901 Loading class java/util/ServiceLoader$ProviderImpl
Event: 3.901 Loading class java/util/ServiceLoader$Provider
Event: 3.901 Loading class java/util/ServiceLoader$Provider done
Event: 3.901 Loading class java/util/ServiceLoader$ProviderImpl done
Event: 4.184 Loading class java/security/CodeSigner
Event: 4.184 Loading class java/security/CodeSigner done
Event: 5.164 Loading class java/lang/Short$ShortCache
Event: 5.164 Loading class java/lang/Short$ShortCache done
Event: 5.687 Loading class java/util/Collections$SynchronizedMap
Event: 5.687 Loading class java/util/Collections$SynchronizedMap done

Classes unloaded (0 events):
No events

Classes redefined (0 events):
No events

Internal exceptions (20 events):
Event: 1.784 Thread 0x0000029cda2816f0 Exception <a 'java/lang/NoSuchMethodError'{0x000000070a350648}: 'java.lang.Object java.lang.invoke.DirectMethodHandle$Holder.invokeStatic(java.lang.Object, int, java.lang.Object, java.lang.Object)'> (0x000000070a350648) 
thrown [s\src\hotspot\share\interpreter\linkResolver.cpp, line 784]
Event: 1.978 Thread 0x0000029cda2816f0 Exception <a 'java/lang/NoSuchMethodError'{0x000000071210dbf8}: 'java.lang.Object java.lang.invoke.DirectMethodHandle$Holder.invokeStatic(java.lang.Object, java.lang.Object, java.lang.Object, int, java.lang.Object, java.lang.Object)'> (0x000000071210dbf8) 
thrown [s\src\hotspot\share\interpreter\linkResolver.cpp, line 784]
Event: 2.434 Thread 0x0000029cda2816f0 Exception <a 'java/lang/NoSuchMethodError'{0x000000070c259048}: 'java.lang.Object java.lang.invoke.DirectMethodHandle$Holder.newInvokeSpecial(java.lang.Object, java.lang.Object, java.lang.Object, java.lang.Object, int)'> (0x000000070c259048) 
thrown [s\src\hotspot\share\interpreter\linkResolver.cpp, line 784]
Event: 2.434 Thread 0x0000029cda2816f0 Exception <a 'java/lang/NoSuchMethodError'{0x000000070c25d490}: 'java.lang.Object java.lang.invoke.DirectMethodHandle$Holder.invokeSpecial(java.lang.Object, java.lang.Object, java.lang.Object, java.lang.Object, java.lang.Object, int)'> (0x000000070c25d490) 
thrown [s\src\hotspot\share\interpreter\linkResolver.cpp, line 784]
Event: 2.434 Thread 0x0000029cda2816f0 Exception <a 'java/lang/NoSuchMethodError'{0x000000070c2611d0}: 'java.lang.Object java.lang.invoke.Invokers$Holder.linkToTargetMethod(java.lang.Object, java.lang.Object, java.lang.Object, int, java.lang.Object)'> (0x000000070c2611d0) 
thrown [s\src\hotspot\share\interpreter\linkResolver.cpp, line 784]
Event: 2.804 Thread 0x0000029cda2816f0 Implicit null exception at 0x0000029ce72437e3 to 0x0000029ce7243875
Event: 3.026 Thread 0x0000029cda2816f0 Implicit null exception at 0x0000029ce7388563 to 0x0000029ce73886e4
Event: 3.070 Thread 0x0000029cda2816f0 Exception <a 'java/lang/NoSuchMethodError'{0x000000070ab1a280}: 'java.lang.Object java.lang.invoke.DirectMethodHandle$Holder.invokeSpecial(java.lang.Object, java.lang.Object, java.lang.Object, int, java.lang.Object, java.lang.Object, java.lang.Object)'> (0x000000070ab1a280) 
thrown [s\src\hotspot\share\interpreter\linkResolver.cpp, line 784]
Event: 3.071 Thread 0x0000029cda2816f0 Exception <a 'java/lang/NoSuchMethodError'{0x000000070ab1d8f8}: 'java.lang.Object java.lang.invoke.Invokers$Holder.linkToTargetMethod(java.lang.Object, int, java.lang.Object, java.lang.Object, java.lang.Object, java.lang.Object)'> (0x000000070ab1d8f8) 
thrown [s\src\hotspot\share\interpreter\linkResolver.cpp, line 784]
Event: 3.971 Thread 0x0000029cda2816f0 Implicit null exception at 0x0000029ce71a3ca0 to 0x0000029ce71a425c
Event: 3.973 Thread 0x0000029cda2816f0 Implicit null exception at 0x0000029ce71a78a0 to 0x0000029ce71a7e54
Event: 4.170 Thread 0x0000029cda2816f0 Exception <a 'java/lang/NoSuchMethodError'{0x000000070f53eea0}: 'java.lang.Object java.lang.invoke.DirectMethodHandle$Holder.newInvokeSpecial(java.lang.Object, java.lang.Object, java.lang.Object, java.lang.Object, java.lang.Object, java.lang.Object, java.lang.Object, java.lang.Object, int)'> (0x000000070f53eea0) 
thrown [s\src\hotspot\share\interpreter\linkResolver.cpp, line 784]
Event: 4.171 Thread 0x0000029cda2816f0 Exception <a 'java/lang/NoSuchMethodError'{0x000000070f543c20}: 'java.lang.Object java.lang.invoke.DirectMethodHandle$Holder.invokeSpecial(java.lang.Object, java.lang.Object, java.lang.Object, java.lang.Object, java.lang.Object, java.lang.Object, java.lang.Object, java.lang.Object, java.lang.Object, int)'> (0x000000070f543c20) 
thrown [s\src\hotspot\share\interpreter\linkResolver.cpp, line 784]
Event: 4.210 Thread 0x0000029cda2816f0 Exception <a 'java/lang/NoSuchMethodError'{0x000000070f3172e8}: 'java.lang.Object java.lang.invoke.DirectMethodHandle$Holder.invokeStatic(java.lang.Object, java.lang.Object, int, int)'> (0x000000070f3172e8) 
thrown [s\src\hotspot\share\interpreter\linkResolver.cpp, line 784]
Event: 4.210 Thread 0x0000029cda2816f0 Exception <a 'java/lang/NoSuchMethodError'{0x000000070f31e010}: 'java.lang.Object java.lang.invoke.DirectMethodHandle$Holder.newInvokeSpecial(java.lang.Object, java.lang.Object, int, int)'> (0x000000070f31e010) 
thrown [s\src\hotspot\share\interpreter\linkResolver.cpp, line 784]
Event: 4.211 Thread 0x0000029cda2816f0 Exception <a 'java/lang/NoSuchMethodError'{0x000000070f3222d8}: 'java.lang.Object java.lang.invoke.DirectMethodHandle$Holder.invokeSpecial(java.lang.Object, java.lang.Object, java.lang.Object, int, int)'> (0x000000070f3222d8) 
thrown [s\src\hotspot\share\interpreter\linkResolver.cpp, line 784]
Event: 4.211 Thread 0x0000029cda2816f0 Exception <a 'java/lang/NoSuchMethodError'{0x000000070f325ef8}: 'java.lang.Object java.lang.invoke.Invokers$Holder.linkToTargetMethod(java.lang.Object, int, int, java.lang.Object)'> (0x000000070f325ef8) 
thrown [s\src\hotspot\share\interpreter\linkResolver.cpp, line 784]
Event: 5.153 Thread 0x0000029cda2816f0 Implicit null exception at 0x0000029ce75a992b to 0x0000029ce75ae480
Event: 5.153 Thread 0x0000029cda2816f0 Implicit null exception at 0x0000029ce757e32c to 0x0000029ce757e6ec
Event: 5.745 Thread 0x0000029cda2816f0 Exception <a 'java/lang/NoSuchMethodError'{0x000000070cb8c178}: 'java.lang.Object java.lang.invoke.DirectMethodHandle$Holder.newInvokeSpecial(java.lang.Object, int, java.lang.Object, int)'> (0x000000070cb8c178) 
thrown [s\src\hotspot\share\interpreter\linkResolver.cpp, line 784]

ZGC Phase Switch (0 events):
No events

VM Operations (20 events):
Event: 5.781 Executing VM operation: HandshakeAllThreads (Deoptimize)
Event: 5.781 Executing VM operation: HandshakeAllThreads (Deoptimize) done
Event: 5.783 Executing VM operation: HandshakeAllThreads (Deoptimize)
Event: 5.783 Executing VM operation: HandshakeAllThreads (Deoptimize) done
Event: 5.806 Executing VM operation: HandshakeAllThreads (Deoptimize)
Event: 5.806 Executing VM operation: HandshakeAllThreads (Deoptimize) done
Event: 5.832 Executing VM operation: HandshakeAllThreads (Deoptimize)
Event: 5.832 Executing VM operation: HandshakeAllThreads (Deoptimize) done
Event: 5.845 Executing VM operation: ICBufferFull
Event: 5.845 Executing VM operation: ICBufferFull done
Event: 5.851 Executing VM operation: HandshakeAllThreads (Deoptimize)
Event: 5.851 Executing VM operation: HandshakeAllThreads (Deoptimize) done
Event: 5.898 Executing VM operation: HandshakeAllThreads (Deoptimize)
Event: 5.898 Executing VM operation: HandshakeAllThreads (Deoptimize) done
Event: 5.909 Executing VM operation: ICBufferFull
Event: 5.909 Executing VM operation: ICBufferFull done
Event: 5.930 Executing VM operation: HandshakeAllThreads (Deoptimize)
Event: 5.930 Executing VM operation: HandshakeAllThreads (Deoptimize) done
Event: 6.939 Executing VM operation: Cleanup
Event: 6.939 Executing VM operation: Cleanup done

Memory protections (0 events):
No events

Nmethod flushes (20 events):
Event: 4.078 Thread 0x0000029cf687b690 flushing  nmethod 0x0000029cdf731590
Event: 4.078 Thread 0x0000029cf687b690 flushing  nmethod 0x0000029cdf731990
Event: 4.078 Thread 0x0000029cf687b690 flushing  nmethod 0x0000029cdf732890
Event: 4.078 Thread 0x0000029cf687b690 flushing  nmethod 0x0000029cdf733d90
Event: 4.078 Thread 0x0000029cf687b690 flushing  nmethod 0x0000029cdf735390
Event: 4.078 Thread 0x0000029cf687b690 flushing  nmethod 0x0000029cdf735b90
Event: 4.078 Thread 0x0000029cf687b690 flushing  nmethod 0x0000029cdf794790
Event: 4.078 Thread 0x0000029cf687b690 flushing  nmethod 0x0000029cdf7b9790
Event: 4.078 Thread 0x0000029cf687b690 flushing  nmethod 0x0000029cdf883490
Event: 4.078 Thread 0x0000029cf687b690 flushing  nmethod 0x0000029cdf889310
Event: 4.078 Thread 0x0000029cf687b690 flushing  nmethod 0x0000029cdf8a1790
Event: 4.078 Thread 0x0000029cf687b690 flushing  nmethod 0x0000029cdf8a1d90
Event: 4.078 Thread 0x0000029cf687b690 flushing  nmethod 0x0000029cdf8a2a90
Event: 4.078 Thread 0x0000029cf687b690 flushing  nmethod 0x0000029cdf8a5190
Event: 4.078 Thread 0x0000029cf687b690 flushing  nmethod 0x0000029cdf8a7010
Event: 4.078 Thread 0x0000029cf687b690 flushing  nmethod 0x0000029cdf8a7d90
Event: 4.078 Thread 0x0000029cf687b690 flushing  nmethod 0x0000029cdf8a9b10
Event: 4.078 Thread 0x0000029cf687b690 flushing  nmethod 0x0000029cdf8aa710
Event: 4.078 Thread 0x0000029cf687b690 flushing  nmethod 0x0000029cdf8f8910
Event: 4.078 Thread 0x0000029cf687b690 flushing  nmethod 0x0000029cdf92a390

Events (19 events):
Event: 0.011 Thread 0x0000029cda2816f0 Thread added: 0x0000029cda2816f0
Event: 0.038 Thread 0x0000029cda2816f0 Thread added: 0x0000029cf68a0850
Event: 0.038 Thread 0x0000029cda2816f0 Thread added: 0x0000029cf68a13a0
Event: 0.039 Thread 0x0000029cda2816f0 Thread added: 0x0000029cf68d54e0
Event: 0.039 Thread 0x0000029cda2816f0 Thread added: 0x0000029cf68e8400
Event: 0.039 Thread 0x0000029cda2816f0 Thread added: 0x0000029cf68e8a60
Event: 0.039 Thread 0x0000029cda2816f0 Thread added: 0x0000029cf68e94b0
Event: 0.039 Thread 0x0000029cda2816f0 Thread added: 0x0000029cf68f3330
Event: 0.039 Thread 0x0000029cda2816f0 Thread added: 0x0000029cf68f3dc0
Event: 0.063 Thread 0x0000029cda2816f0 Thread added: 0x0000029cf6aa1800
Event: 0.066 Thread 0x0000029cda2816f0 Thread added: 0x0000029cf6aa5280
Event: 0.070 Loaded shared library C:\Program Files\Android\Android Studio1\jbr\bin\net.dll
Event: 0.072 Loaded shared library C:\Program Files\Android\Android Studio1\jbr\bin\nio.dll
Event: 0.079 Thread 0x0000029cf68f3330 Thread added: 0x0000029cf6b26020
Event: 0.079 Thread 0x0000029cf68f3330 Thread added: 0x0000029cf6b266c0
Event: 0.085 Loaded shared library C:\Program Files\Android\Android Studio1\jbr\bin\zip.dll
Event: 0.100 Loaded shared library C:\Program Files\Android\Android Studio1\jbr\bin\jimage.dll
Event: 4.123 Thread 0x0000029cf6b266c0 Thread exited: 0x0000029cf6b266c0
Event: 4.412 Thread 0x0000029cf68f3dc0 Thread added: 0x0000029cff860ac0


Dynamic libraries:
0x00007ff69e3d0000 - 0x00007ff69e3da000 	C:\Program Files\Android\Android Studio1\jbr\bin\java.exe
0x00007ffa6ab80000 - 0x00007ffa6ade3000 	C:\WINDOWS\SYSTEM32\ntdll.dll
0x00007ffa69ca0000 - 0x00007ffa69d67000 	C:\WINDOWS\System32\KERNEL32.DLL
0x00007ffa68160000 - 0x00007ffa68527000 	C:\WINDOWS\System32\KERNELBASE.dll
0x00007ffa685e0000 - 0x00007ffa6872c000 	C:\WINDOWS\System32\ucrtbase.dll
0x00007ffa50e30000 - 0x00007ffa50e4b000 	C:\Program Files\Android\Android Studio1\jbr\bin\VCRUNTIME140.dll
0x00007ffa55730000 - 0x00007ffa55748000 	C:\Program Files\Android\Android Studio1\jbr\bin\jli.dll
0x00007ffa68ca0000 - 0x00007ffa68e69000 	C:\WINDOWS\System32\USER32.dll
0x00007ffa68900000 - 0x00007ffa68927000 	C:\WINDOWS\System32\win32u.dll
0x00007ffa68b30000 - 0x00007ffa68b5a000 	C:\WINDOWS\System32\GDI32.dll
0x00007ffa68730000 - 0x00007ffa6885b000 	C:\WINDOWS\System32\gdi32full.dll
0x00007ffa68530000 - 0x00007ffa685d3000 	C:\WINDOWS\System32\msvcp_win.dll
0x00007ffa4b7c0000 - 0x00007ffa4ba50000 	C:\WINDOWS\WinSxS\amd64_microsoft.windows.common-controls_6595b64144ccf1df_6.0.26100.3037_none_3e09262ce333c378\COMCTL32.dll
0x00007ffa697d0000 - 0x00007ffa69879000 	C:\WINDOWS\System32\msvcrt.dll
0x00007ffa69a90000 - 0x00007ffa69abf000 	C:\WINDOWS\System32\IMM32.DLL
0x00007ffa56f40000 - 0x00007ffa56f4c000 	C:\Program Files\Android\Android Studio1\jbr\bin\vcruntime140_1.dll
0x00007ffa1e890000 - 0x00007ffa1e91d000 	C:\Program Files\Android\Android Studio1\jbr\bin\msvcp140.dll
0x00007ff9c2eb0000 - 0x00007ff9c3b3a000 	C:\Program Files\Android\Android Studio1\jbr\bin\server\jvm.dll
0x00007ffa6aa50000 - 0x00007ffa6ab04000 	C:\WINDOWS\System32\ADVAPI32.dll
0x00007ffa68bf0000 - 0x00007ffa68c96000 	C:\WINDOWS\System32\sechost.dll
0x00007ffa6a770000 - 0x00007ffa6a886000 	C:\WINDOWS\System32\RPCRT4.dll
0x00007ffa68ab0000 - 0x00007ffa68b24000 	C:\WINDOWS\System32\WS2_32.dll
0x00007ffa620d0000 - 0x00007ffa620db000 	C:\WINDOWS\SYSTEM32\VERSION.dll
0x00007ffa67650000 - 0x00007ffa6769e000 	C:\WINDOWS\SYSTEM32\POWRPROF.dll
0x00007ffa62130000 - 0x00007ffa62166000 	C:\WINDOWS\SYSTEM32\WINMM.dll
0x00007ffa67600000 - 0x00007ffa67614000 	C:\WINDOWS\SYSTEM32\UMPDC.dll
0x00007ffa66d30000 - 0x00007ffa66d4a000 	C:\WINDOWS\SYSTEM32\kernel.appcore.dll
0x00007ffa50e20000 - 0x00007ffa50e2a000 	C:\Program Files\Android\Android Studio1\jbr\bin\jimage.dll
0x00007ffa658c0000 - 0x00007ffa65b01000 	C:\WINDOWS\SYSTEM32\DBGHELP.DLL
0x00007ffa6a3e0000 - 0x00007ffa6a75e000 	C:\WINDOWS\System32\combase.dll
0x00007ffa69900000 - 0x00007ffa699d6000 	C:\WINDOWS\System32\OLEAUT32.dll
0x00007ffa4a4b0000 - 0x00007ffa4a4e9000 	C:\WINDOWS\SYSTEM32\dbgcore.DLL
0x00007ffa68860000 - 0x00007ffa688f9000 	C:\WINDOWS\System32\bcryptPrimitives.dll
0x00007ffa4ae40000 - 0x00007ffa4ae60000 	C:\Program Files\Android\Android Studio1\jbr\bin\java.dll
0x00007ffa4ae20000 - 0x00007ffa4ae38000 	C:\Program Files\Android\Android Studio1\jbr\bin\zip.dll
0x00007ffa69060000 - 0x00007ffa69764000 	C:\WINDOWS\System32\SHELL32.dll
0x00007ffa65be0000 - 0x00007ffa66417000 	C:\WINDOWS\SYSTEM32\windows.storage.dll
0x00007ffa689c0000 - 0x00007ffa68aa9000 	C:\WINDOWS\System32\SHCORE.dll
0x00007ffa69770000 - 0x00007ffa697cd000 	C:\WINDOWS\System32\shlwapi.dll
0x00007ffa67e30000 - 0x00007ffa67e5e000 	C:\WINDOWS\SYSTEM32\profapi.dll
0x00007ffa4af10000 - 0x00007ffa4af20000 	C:\Program Files\Android\Android Studio1\jbr\bin\net.dll
0x00007ffa56e00000 - 0x00007ffa56f1e000 	C:\WINDOWS\SYSTEM32\WINHTTP.dll
0x00007ffa67260000 - 0x00007ffa672ca000 	C:\WINDOWS\system32\mswsock.dll
0x00007ffa33110000 - 0x00007ffa33126000 	C:\Program Files\Android\Android Studio1\jbr\bin\nio.dll
0x00007ffa2d430000 - 0x00007ffa2d440000 	C:\Program Files\Android\Android Studio1\jbr\bin\verify.dll

dbghelp: loaded successfully - version: 4.0.5 - missing functions: none
symbol engine: initialized successfully - sym options: 0x614 - pdb path: .;C:\Program Files\Android\Android Studio1\jbr\bin;C:\WINDOWS\SYSTEM32;C:\WINDOWS\WinSxS\amd64_microsoft.windows.common-controls_6595b64144ccf1df_6.0.26100.3037_none_3e09262ce333c378;C:\Program Files\Android\Android Studio1\jbr\bin\server

VM Arguments:
java_command: org.jetbrains.kotlin.cli.jvm.K2JVMCompiler @C:\Users\Acer\AndroidStudioProjects\MediGo\app\build\20250317_6203644008230594673.compiler.options
java_class_path (initial): C:\Users\Acer\.gradle\caches\modules-2\files-2.1\org.jetbrains.kotlin\kotlin-compiler-embeddable\2.0.21\79346ed53db48b18312a472602eb5c057070c54d\kotlin-compiler-embeddable-2.0.21.jar;C:\Users\Acer\.gradle\caches\modules-2\files-2.1\org.jetbrains.kotlin\kotlin-stdlib\2.0.21\618b539767b4899b4660a83006e052b63f1db551\kotlin-stdlib-2.0.21.jar;C:\Users\Acer\.gradle\caches\modules-2\files-2.1\org.jetbrains.kotlin\kotlin-script-runtime\2.0.21\c9b044380ad41f89aa89aa896c2d32a8c0b2129d\kotlin-script-runtime-2.0.21.jar;C:\Users\Acer\.gradle\caches\modules-2\files-2.1\org.jetbrains.kotlin\kotlin-reflect\1.6.10\1cbe9c92c12a94eea200d23c2bbaedaf3daf5132\kotlin-reflect-1.6.10.jar;C:\Users\Acer\.gradle\caches\modules-2\files-2.1\org.jetbrains.kotlin\kotlin-daemon-embeddable\2.0.21\c9e933b23287de9b5a17e2116b4657bb91aea72c\kotlin-daemon-embeddable-2.0.21.jar;C:\Users\Acer\.gradle\caches\modules-2\files-2.1\org.jetbrains.intellij.deps\trove4j\1.0.20200330\3afb14d5f9ceb459d724e907a21145e8ff394f02\trove4j-1.0.20200330.jar;C:\Users\Acer\.gradle\caches\modules-2\files-2.1\org.jetbrains.kotlinx\kotlinx-coroutines-core-jvm\1.6.4\2c997cd1c0ef33f3e751d3831929aeff1390cb30\kotlinx-coroutines-core-jvm-1.6.4.jar;C:\Users\Acer\.gradle\caches\modules-2\files-2.1\org.jetbrains\annotations\13.0\919f0dfe192fb4e063e7dacadee7f8bb9a2672a9\annotations-13.0.jar
Launcher Type: SUN_STANDARD

[Global flags]
     intx CICompilerCount                          = 4                                         {product} {ergonomic}
     uint ConcGCThreads                            = 3                                         {product} {ergonomic}
     uint G1ConcRefinementThreads                  = 10                                        {product} {ergonomic}
   size_t G1HeapRegionSize                         = 2097152                                   {product} {ergonomic}
    uintx GCDrainStackTargetSize                   = 64                                        {product} {ergonomic}
   size_t InitialHeapSize                          = 264241152                                 {product} {ergonomic}
   size_t MarkStackSize                            = 4194304                                   {product} {ergonomic}
   size_t MaxHeapSize                              = 4219469824                                {product} {ergonomic}
   size_t MaxNewSize                               = 2531262464                                {product} {ergonomic}
   size_t MinHeapDeltaBytes                        = 2097152                                   {product} {ergonomic}
   size_t MinHeapSize                              = 8388608                                   {product} {ergonomic}
    uintx NonNMethodCodeHeapSize                   = 5839372                                {pd product} {ergonomic}
    uintx NonProfiledCodeHeapSize                  = 122909434                              {pd product} {ergonomic}
    uintx ProfiledCodeHeapSize                     = 122909434                              {pd product} {ergonomic}
    uintx ReservedCodeCacheSize                    = 251658240                              {pd product} {ergonomic}
     bool SegmentedCodeCache                       = true                                      {product} {ergonomic}
   size_t SoftMaxHeapSize                          = 4219469824                             {manageable} {ergonomic}
     bool UseCompressedOops                        = true                           {product lp64_product} {ergonomic}
     bool UseG1GC                                  = true                                      {product} {ergonomic}
     bool UseLargePagesIndividualAllocation        = false                                  {pd product} {ergonomic}

Logging:
Log output configuration:
 #0: stdout all=warning uptime,level,tags foldmultilines=false
 #1: stderr all=off uptime,level,tags foldmultilines=false

Environment Variables:
PATH=C:\Program Files\Common Files\Oracle\Java\javapath;C:\Program Files (x86)\Common Files\Oracle\Java\javapath;C:\Windows\system32;C:\Windows;C:\Windows\System32\Wbem;C:\Windows\System32\WindowsPowerShell\v1.0\;C:\Windows\System32\OpenSSH\;C:\Program Files (x86)\NVIDIA Corporation\PhysX\Common;C:\Program Files\NVIDIA Corporation\NVIDIA NvDLISR;C:\ProgramData\chocolatey\bin;C:\WINDOWS\system32;C:\WINDOWS;C:\WINDOWS\System32\Wbem;C:\WINDOWS\System32\WindowsPowerShell\v1.0\;C:\WINDOWS\System32\OpenSSH\;C:\Program Files\Microsoft SQL Server\Client SDK\ODBC\170\Tools\Binn\;C:\Program Files (x86)\Microsoft SQL Server\150\Tools\Binn\;C:\Program Files\Microsoft SQL Server\150\Tools\Binn\;C:\Program Files\Microsoft SQL Server\150\DTS\Binn\;C:\Program Files (x86)\Microsoft SQL Server\160\Tools\Binn\;C:\Program Files\Microsoft SQL Server\160\Tools\Binn\;C:\Program Files\Microsoft SQL Server\160\DTS\Binn\;C:\Program Files (x86)\Microsoft SQL Server\160\DTS\Binn\;C:\Program Files\Azure Data Studio\bin;C:\Program Files\MySQL\MySQL Server 8.0\bin;C:\Program Files\dotnet\;C:\Program Files (x86)\Windows Kits\10\Windows Performance Toolkit\;C:\Program Files\nodejs\;C:\Program Files\Git\cmd;C:\Program Files\MySQL\MySQL Shell 8.0\bin\;C:\Users\Acer\AppData\Local\Microsoft\WindowsApps;C:\Users\Acer\AppData\Local\Programs\Microsoft VS Code\bin;C:\Program Files\Azure Data Studio\bin;C:\Users\Acer\.dotnet\tools;C:\altera\13.1\modelsim_ase\win32aloem;C:\Users\Acer\AppData\Roaming\npm;C:\Program Files\nodejs;
USERNAME=Acer
OS=Windows_NT
PROCESSOR_IDENTIFIER=Intel64 Family 6 Model 154 Stepping 4, GenuineIntel
TMP=C:\Users\Acer\AppData\Local\Temp
TEMP=C:\Users\Acer\AppData\Local\Temp




Periodic native trim disabled

JNI global refs:
JNI global refs: 12, weak refs: 3

JNI global refs memory usage: 835, weak refs: 833

Process memory usage:
Resident Set Size: 410860K (2% of 16474168K total physical memory with 1265224K free physical memory)

OOME stack traces (most recent first):
Classloader memory used:
Loader jdk.internal.loader.ClassLoaders$AppClassLoader                                 : 58908K
Loader bootstrap                                                                       : 10744K

---------------  S Y S T E M  ---------------

OS:
 Windows 11 , 64 bit Build 26100 (10.0.26100.3037)
OS uptime: 3 days 5:46 hours
Hyper-V role detected

CPU: total 12 (initial active 12) (6 cores per cpu, 2 threads per core) family 6 model 154 stepping 4 microcode 0x423, cx8, cmov, fxsr, ht, mmx, 3dnowpref, sse, sse2, sse3, ssse3, sse4.1, sse4.2, popcnt, lzcnt, tsc, tscinvbit, avx, avx2, aes, erms, clmul, bmi1, bmi2, adx, sha, fma, vzeroupper, clflush, clflushopt, clwb, hv, serialize, rdtscp, rdpid, fsrm, f16c, cet_ibt, cet_ss
Processor Information for processor 0
  Max Mhz: 1700, Current Mhz: 1700, Mhz Limit: 1700
Processor Information for processor 1
  Max Mhz: 1700, Current Mhz: 1700, Mhz Limit: 1700
Processor Information for processor 2
  Max Mhz: 1700, Current Mhz: 1700, Mhz Limit: 1700
Processor Information for processor 3
  Max Mhz: 1700, Current Mhz: 1700, Mhz Limit: 1700
Processor Information for processor 4
  Max Mhz: 1700, Current Mhz: 1200, Mhz Limit: 1190
Processor Information for processor 5
  Max Mhz: 1700, Current Mhz: 1200, Mhz Limit: 1190
Processor Information for processor 6
  Max Mhz: 1700, Current Mhz: 1200, Mhz Limit: 1190
Processor Information for processor 7
  Max Mhz: 1700, Current Mhz: 1200, Mhz Limit: 1190
Processor Information for processor 8
  Max Mhz: 1700, Current Mhz: 1200, Mhz Limit: 1190
Processor Information for processor 9
  Max Mhz: 1700, Current Mhz: 1200, Mhz Limit: 1190
Processor Information for processor 10
  Max Mhz: 1700, Current Mhz: 1200, Mhz Limit: 1190
Processor Information for processor 11
  Max Mhz: 1700, Current Mhz: 1200, Mhz Limit: 1190

Memory: 4k page, system-wide physical 16088M (1235M free)
TotalPageFile size 33624M (AvailPageFile size 6M)
current process WorkingSet (physical memory assigned to process): 401M, peak: 402M
current process commit charge ("private bytes"): 438M, peak: 441M

vm_info: OpenJDK 64-Bit Server VM (21.0.5+-12932927-b750.29) for windows-amd64 JRE (21.0.5+-12932927-b750.29), built on 2025-01-17T02:01:10Z by "builder" with MS VC++ 16.10 / 16.11 (VS2019)

END.
